11:19:54 PM  [main] 	Initializing Control Panel
11:19:54 PM  [main] 	Windows Version:  Enterprise  64-bit
11:19:54 PM  [main] 	XAMPP Version: 7.4.29
11:19:54 PM  [main] 	Control Panel Version: 3.3.0  [ Compiled: Apr 6th 2021 ]
11:19:54 PM  [main] 	Running with Administrator rights - good!
11:19:54 PM  [main] 	XAMPP Installation Directory: "c:\xampp\"
11:19:54 PM  [main] 	Checking for prerequisites
11:19:54 PM  [main] 	All prerequisites found
11:19:54 PM  [main] 	Initializing Modules
11:19:54 PM  [Apache] 	XAMPP Apache is already running on port 80
11:19:54 PM  [Apache] 	XAMPP Apache is already running on port 443
11:19:54 PM  [mysql] 	XAMPP MySQL is already running on port 3306
11:19:54 PM  [main] 	Starting Check-Timer
11:19:54 PM  [main] 	Control Panel Ready
12:21:13 AM  [Apache] 	Status change detected: stopped
12:21:13 AM  [Apache] 	Error: Apache shutdown unexpectedly.
12:21:13 AM  [Apache] 	This may be due to a blocked port, missing dependencies, 
12:21:13 AM  [Apache] 	improper privileges, a crash, or a shutdown by another method.
12:21:13 AM  [Apache] 	Press the Logs button to view error logs and check
12:21:13 AM  [Apache] 	the Windows Event Viewer for more clues
12:21:13 AM  [Apache] 	If you need more help, copy and post this
12:21:13 AM  [Apache] 	entire log window on the forums
12:21:13 AM  [mysql] 	Status change detected: stopped
12:21:13 AM  [mysql] 	Error: MySQL shutdown unexpectedly.
12:21:13 AM  [mysql] 	This may be due to a blocked port, missing dependencies, 
12:21:13 AM  [mysql] 	improper privileges, a crash, or a shutdown by another method.
12:21:13 AM  [mysql] 	Press the Logs button to view error logs and check
12:21:13 AM  [mysql] 	the Windows Event Viewer for more clues
12:21:13 AM  [mysql] 	If you need more help, copy and post this
12:21:13 AM  [mysql] 	entire log window on the forums
12:22:39 AM  [main] 	Deinitializing Modules
12:22:39 AM  [main] 	Deinitializing Control Panel

10:59:29 PM  [main] 	Initializing Control Panel
10:59:29 PM  [main] 	Windows Version:  Enterprise  64-bit
10:59:29 PM  [main] 	XAMPP Version: 7.4.29
10:59:29 PM  [main] 	Control Panel Version: 3.3.0  [ Compiled: Apr 6th 2021 ]
10:59:29 PM  [main] 	Running with Administrator rights - good!
10:59:29 PM  [main] 	XAMPP Installation Directory: "c:\xampp\"
10:59:29 PM  [main] 	Checking for prerequisites
10:59:29 PM  [main] 	All prerequisites found
10:59:29 PM  [main] 	Initializing Modules
10:59:29 PM  [Apache] 	XAMPP Apache is already running on port 80
10:59:29 PM  [Apache] 	XAMPP Apache is already running on port 443
10:59:29 PM  [mysql] 	XAMPP MySQL is already running on port 3306
10:59:29 PM  [main] 	Starting Check-Timer
10:59:29 PM  [main] 	Control Panel Ready
12:21:13 AM  [Apache] 	Status change detected: stopped
12:21:13 AM  [Apache] 	Error: Apache shutdown unexpectedly.
12:21:13 AM  [Apache] 	This may be due to a blocked port, missing dependencies, 
12:21:13 AM  [Apache] 	improper privileges, a crash, or a shutdown by another method.
12:21:13 AM  [Apache] 	Press the Logs button to view error logs and check
12:21:13 AM  [Apache] 	the Windows Event Viewer for more clues
12:21:13 AM  [Apache] 	If you need more help, copy and post this
12:21:13 AM  [Apache] 	entire log window on the forums
12:21:13 AM  [mysql] 	Status change detected: stopped
12:21:13 AM  [mysql] 	Error: MySQL shutdown unexpectedly.
12:21:13 AM  [mysql] 	This may be due to a blocked port, missing dependencies, 
12:21:13 AM  [mysql] 	improper privileges, a crash, or a shutdown by another method.
12:21:13 AM  [mysql] 	Press the Logs button to view error logs and check
12:21:13 AM  [mysql] 	the Windows Event Viewer for more clues
12:21:13 AM  [mysql] 	If you need more help, copy and post this
12:21:13 AM  [mysql] 	entire log window on the forums
12:22:39 AM  [main] 	Deinitializing Modules
12:22:39 AM  [main] 	Deinitializing Control Panel

10:46:24 PM  [main] 	Initializing Control Panel
10:46:24 PM  [main] 	Windows Version:  Enterprise  64-bit
10:46:24 PM  [main] 	XAMPP Version: 7.4.29
10:46:24 PM  [main] 	Control Panel Version: 3.3.0  [ Compiled: Apr 6th 2021 ]
10:46:24 PM  [main] 	Running with Administrator rights - good!
10:46:24 PM  [main] 	XAMPP Installation Directory: "c:\xampp\"
10:46:24 PM  [main] 	Checking for prerequisites
10:46:24 PM  [main] 	All prerequisites found
10:46:24 PM  [main] 	Initializing Modules
10:46:24 PM  [Apache] 	XAMPP Apache is already running on port 80
10:46:24 PM  [Apache] 	XAMPP Apache is already running on port 443
10:46:24 PM  [main] 	Starting Check-Timer
10:46:24 PM  [main] 	Control Panel Ready
10:46:26 PM  [Apache] 	Attempting to stop Apache (PID: 6948)
10:46:26 PM  [Apache] 	Attempting to stop Apache (PID: 11752)
10:46:26 PM  [Apache] 	Status change detected: stopped
10:46:27 PM  [mysql] 	Attempting to stop MySQL app...
10:46:27 PM  [mysql] 	Status change detected: stopped
10:46:28 PM  [Apache] 	Attempting to start Apache app...
10:46:28 PM  [Apache] 	Status change detected: running
10:46:29 PM  [mysql] 	Attempting to start MySQL app...
10:46:30 PM  [mysql] 	Status change detected: running
10:46:42 PM  [Apache] 	Attempting to stop Apache (PID: 14684)
10:46:42 PM  [Apache] 	Attempting to stop Apache (PID: 11888)
10:46:43 PM  [Apache] 	Status change detected: stopped
10:46:43 PM  [mysql] 	Attempting to stop MySQL app...
10:46:43 PM  [mysql] 	Status change detected: stopped
10:46:44 PM  [Apache] 	Attempting to start Apache app...
10:46:44 PM  [Apache] 	Status change detected: running
10:46:45 PM  [mysql] 	Attempting to start MySQL app...
10:46:45 PM  [mysql] 	Status change detected: running
10:47:04 PM  [Apache] 	Attempting to stop Apache (PID: 9800)
10:47:04 PM  [Apache] 	Attempting to stop Apache (PID: 10784)
10:47:04 PM  [Apache] 	Status change detected: stopped
10:47:05 PM  [mysql] 	Attempting to stop MySQL app...
10:47:05 PM  [mysql] 	Status change detected: stopped
10:47:06 PM  [Apache] 	Attempting to start Apache app...
10:47:06 PM  [Apache] 	Status change detected: running
10:47:07 PM  [mysql] 	Attempting to start MySQL app...
10:47:07 PM  [mysql] 	Status change detected: running
10:47:29 PM  [Apache] 	Attempting to stop Apache (PID: 13656)
10:47:29 PM  [Apache] 	Attempting to stop Apache (PID: 14436)
10:47:29 PM  [Apache] 	Status change detected: stopped
10:47:30 PM  [mysql] 	Attempting to stop MySQL app...
10:47:30 PM  [mysql] 	Status change detected: stopped
10:47:31 PM  [Apache] 	Attempting to start Apache app...
10:47:31 PM  [Apache] 	Status change detected: running
10:47:32 PM  [mysql] 	Attempting to start MySQL app...
10:47:32 PM  [mysql] 	Status change detected: running
10:48:01 PM  [Apache] 	Attempting to stop Apache (PID: 3728)
10:48:01 PM  [Apache] 	Attempting to stop Apache (PID: 4556)
10:48:02 PM  [Apache] 	Status change detected: stopped
10:48:02 PM  [mysql] 	Attempting to stop MySQL app...
10:48:02 PM  [mysql] 	Status change detected: stopped
10:48:23 PM  [Apache] 	Attempting to start Apache app...
10:48:23 PM  [Apache] 	Status change detected: running
10:48:23 PM  [mysql] 	Attempting to start MySQL app...
10:48:24 PM  [mysql] 	Status change detected: running
12:21:13 AM  [Apache] 	Status change detected: stopped
12:21:13 AM  [Apache] 	Error: Apache shutdown unexpectedly.
12:21:13 AM  [Apache] 	This may be due to a blocked port, missing dependencies, 
12:21:13 AM  [Apache] 	improper privileges, a crash, or a shutdown by another method.
12:21:13 AM  [Apache] 	Press the Logs button to view error logs and check
12:21:13 AM  [Apache] 	the Windows Event Viewer for more clues
12:21:13 AM  [Apache] 	If you need more help, copy and post this
12:21:13 AM  [Apache] 	entire log window on the forums
12:21:13 AM  [mysql] 	Status change detected: stopped
12:21:13 AM  [mysql] 	Error: MySQL shutdown unexpectedly.
12:21:13 AM  [mysql] 	This may be due to a blocked port, missing dependencies, 
12:21:13 AM  [mysql] 	improper privileges, a crash, or a shutdown by another method.
12:21:13 AM  [mysql] 	Press the Logs button to view error logs and check
12:21:13 AM  [mysql] 	the Windows Event Viewer for more clues
12:21:13 AM  [mysql] 	If you need more help, copy and post this
12:21:13 AM  [mysql] 	entire log window on the forums
12:22:39 AM  [main] 	Deinitializing Modules
12:22:39 AM  [main] 	Deinitializing Control Panel

12:21:11 AM  [main] 	Initializing Control Panel
12:21:11 AM  [main] 	Windows Version:  Enterprise  64-bit
12:21:11 AM  [main] 	XAMPP Version: 7.4.29
12:21:11 AM  [main] 	Control Panel Version: 3.3.0  [ Compiled: Apr 6th 2021 ]
12:21:11 AM  [main] 	Running with Administrator rights - good!
12:21:11 AM  [main] 	XAMPP Installation Directory: "c:\xampp\"
12:21:11 AM  [main] 	Checking for prerequisites
12:21:11 AM  [main] 	All prerequisites found
12:21:11 AM  [main] 	Initializing Modules
12:21:11 AM  [Apache] 	XAMPP Apache is already running on port 80
12:21:11 AM  [Apache] 	XAMPP Apache is already running on port 443
12:21:11 AM  [mysql] 	XAMPP MySQL is already running on port 3306
12:21:11 AM  [main] 	Starting Check-Timer
12:21:11 AM  [main] 	Control Panel Ready
12:21:12 AM  [Apache] 	Attempting to stop Apache (PID: 10784)
12:21:12 AM  [Apache] 	Attempting to stop Apache (PID: 1776)
12:21:13 AM  [Apache] 	Status change detected: stopped
12:21:13 AM  [mysql] 	Attempting to stop MySQL app...
12:21:13 AM  [mysql] 	Status change detected: stopped
12:22:39 AM  [main] 	Deinitializing Modules
12:22:40 AM  [main] 	Deinitializing Control Panel

10:55:02 AM  [main] 	Initializing Control Panel
10:55:02 AM  [main] 	Windows Version:  Enterprise  64-bit
10:55:02 AM  [main] 	XAMPP Version: 7.4.29
10:55:02 AM  [main] 	Control Panel Version: 3.3.0  [ Compiled: Apr 6th 2021 ]
10:55:02 AM  [main] 	Running with Administrator rights - good!
10:55:02 AM  [main] 	XAMPP Installation Directory: "c:\xampp\"
10:55:02 AM  [main] 	Checking for prerequisites
10:55:02 AM  [main] 	All prerequisites found
10:55:02 AM  [main] 	Initializing Modules
10:55:02 AM  [Apache] 	XAMPP Apache is already running on port 80
10:55:02 AM  [Apache] 	XAMPP Apache is already running on port 443
10:55:03 AM  [mysql] 	XAMPP MySQL is already running on port 3307
10:55:03 AM  [main] 	Starting Check-Timer
10:55:03 AM  [main] 	Control Panel Ready
11:04:29 AM  [Apache] 	Status change detected: stopped
11:04:29 AM  [Apache] 	Error: Apache shutdown unexpectedly.
11:04:29 AM  [Apache] 	This may be due to a blocked port, missing dependencies, 
11:04:29 AM  [Apache] 	improper privileges, a crash, or a shutdown by another method.
11:04:29 AM  [Apache] 	Press the Logs button to view error logs and check
11:04:29 AM  [Apache] 	the Windows Event Viewer for more clues
11:04:29 AM  [Apache] 	If you need more help, copy and post this
11:04:29 AM  [Apache] 	entire log window on the forums
11:04:29 AM  [mysql] 	Status change detected: stopped
11:04:29 AM  [mysql] 	Error: MySQL shutdown unexpectedly.
11:04:29 AM  [mysql] 	This may be due to a blocked port, missing dependencies, 
11:04:29 AM  [mysql] 	improper privileges, a crash, or a shutdown by another method.
11:04:29 AM  [mysql] 	Press the Logs button to view error logs and check
11:04:29 AM  [mysql] 	the Windows Event Viewer for more clues
11:04:29 AM  [mysql] 	If you need more help, copy and post this
11:04:29 AM  [mysql] 	entire log window on the forums
11:04:32 AM  [main] 	Deinitializing Modules
11:04:32 AM  [main] 	Deinitializing Control Panel

10:53:37 AM  [main] 	Initializing Control Panel
10:53:37 AM  [main] 	Windows Version:  Enterprise  64-bit
10:53:37 AM  [main] 	XAMPP Version: 7.4.29
10:53:37 AM  [main] 	Control Panel Version: 3.3.0  [ Compiled: Apr 6th 2021 ]
10:53:37 AM  [main] 	Running with Administrator rights - good!
10:53:37 AM  [main] 	XAMPP Installation Directory: "c:\xampp\"
10:53:37 AM  [main] 	Checking for prerequisites
10:53:38 AM  [main] 	All prerequisites found
10:53:38 AM  [main] 	Initializing Modules
10:53:38 AM  [mysql] 	Problem detected!
10:53:38 AM  [mysql] 	Port 3306 in use by "Unable to open process"!
10:53:38 AM  [mysql] 	MySQL WILL NOT start without the configured ports free!
10:53:39 AM  [mysql] 	You need to uninstall/disable/reconfigure the blocking application
10:53:39 AM  [mysql] 	or reconfigure MySQL and the Control Panel to listen on a different port
10:53:39 AM  [main] 	Starting Check-Timer
10:53:39 AM  [main] 	Control Panel Ready
10:53:44 AM  [Apache] 	Attempting to start Apache app...
10:53:44 AM  [mysql] 	Problem detected!
10:53:44 AM  [mysql] 	Port 3306 in use by "Unable to open process"!
10:53:44 AM  [mysql] 	MySQL WILL NOT start without the configured ports free!
10:53:44 AM  [mysql] 	You need to uninstall/disable/reconfigure the blocking application
10:53:44 AM  [mysql] 	or reconfigure MySQL and the Control Panel to listen on a different port
10:53:44 AM  [mysql] 	Attempting to start MySQL app...
10:53:45 AM  [Apache] 	Status change detected: running
10:53:45 AM  [mysql] 	Status change detected: running
10:53:48 AM  [mysql] 	Status change detected: stopped
10:53:48 AM  [mysql] 	Error: MySQL shutdown unexpectedly.
10:53:48 AM  [mysql] 	This may be due to a blocked port, missing dependencies, 
10:53:48 AM  [mysql] 	improper privileges, a crash, or a shutdown by another method.
10:53:48 AM  [mysql] 	Press the Logs button to view error logs and check
10:53:48 AM  [mysql] 	the Windows Event Viewer for more clues
10:53:48 AM  [mysql] 	If you need more help, copy and post this
10:53:48 AM  [mysql] 	entire log window on the forums
10:53:51 AM  [mysql] 	Problem detected!
10:53:51 AM  [mysql] 	Port 3306 in use by "Unable to open process"!
10:53:51 AM  [mysql] 	MySQL WILL NOT start without the configured ports free!
10:53:51 AM  [mysql] 	You need to uninstall/disable/reconfigure the blocking application
10:53:51 AM  [mysql] 	or reconfigure MySQL and the Control Panel to listen on a different port
10:53:51 AM  [mysql] 	Attempting to start MySQL app...
10:53:51 AM  [mysql] 	Status change detected: running
10:53:53 AM  [mysql] 	Status change detected: stopped
10:53:53 AM  [mysql] 	Error: MySQL shutdown unexpectedly.
10:53:53 AM  [mysql] 	This may be due to a blocked port, missing dependencies, 
10:53:53 AM  [mysql] 	improper privileges, a crash, or a shutdown by another method.
10:53:53 AM  [mysql] 	Press the Logs button to view error logs and check
10:53:53 AM  [mysql] 	the Windows Event Viewer for more clues
10:53:53 AM  [mysql] 	If you need more help, copy and post this
10:53:53 AM  [mysql] 	entire log window on the forums
10:54:42 AM  [mysql] 	Attempting to start MySQL app...
10:54:42 AM  [mysql] 	Status change detected: running
11:04:29 AM  [Apache] 	Status change detected: stopped
11:04:29 AM  [Apache] 	Error: Apache shutdown unexpectedly.
11:04:29 AM  [Apache] 	This may be due to a blocked port, missing dependencies, 
11:04:29 AM  [Apache] 	improper privileges, a crash, or a shutdown by another method.
11:04:29 AM  [Apache] 	Press the Logs button to view error logs and check
11:04:29 AM  [Apache] 	the Windows Event Viewer for more clues
11:04:29 AM  [Apache] 	If you need more help, copy and post this
11:04:29 AM  [Apache] 	entire log window on the forums
11:04:29 AM  [mysql] 	Status change detected: stopped
11:04:29 AM  [mysql] 	Error: MySQL shutdown unexpectedly.
11:04:29 AM  [mysql] 	This may be due to a blocked port, missing dependencies, 
11:04:29 AM  [mysql] 	improper privileges, a crash, or a shutdown by another method.
11:04:29 AM  [mysql] 	Press the Logs button to view error logs and check
11:04:29 AM  [mysql] 	the Windows Event Viewer for more clues
11:04:29 AM  [mysql] 	If you need more help, copy and post this
11:04:29 AM  [mysql] 	entire log window on the forums
11:04:32 AM  [main] 	Deinitializing Modules
11:04:32 AM  [main] 	Deinitializing Control Panel

6:56:46 PM  [main] 	Initializing Control Panel
6:56:46 PM  [main] 	Windows Version:  Enterprise  64-bit
6:56:46 PM  [main] 	XAMPP Version: 7.4.29
6:56:46 PM  [main] 	Control Panel Version: 3.3.0  [ Compiled: Apr 6th 2021 ]
6:56:46 PM  [main] 	Running with Administrator rights - good!
6:56:46 PM  [main] 	XAMPP Installation Directory: "c:\xampp\"
6:56:46 PM  [main] 	Checking for prerequisites
6:56:46 PM  [main] 	All prerequisites found
6:56:46 PM  [main] 	Initializing Modules
6:56:46 PM  [main] 	Starting Check-Timer
6:56:46 PM  [main] 	Control Panel Ready
6:56:48 PM  [Apache] 	Attempting to start Apache app...
6:56:48 PM  [mysql] 	Attempting to start MySQL app...
6:56:48 PM  [Apache] 	Status change detected: running
6:56:48 PM  [mysql] 	Status change detected: running
9:25:54 PM  [main] 	Deinitializing Modules
9:25:54 PM  [main] 	Deinitializing Control Panel

3:58:42 PM  [main] 	Initializing Control Panel
3:58:42 PM  [main] 	Windows Version:  Enterprise  64-bit
3:58:42 PM  [main] 	XAMPP Version: 7.4.29
3:58:42 PM  [main] 	Control Panel Version: 3.3.0  [ Compiled: Apr 6th 2021 ]
3:58:42 PM  [main] 	Running with Administrator rights - good!
3:58:42 PM  [main] 	XAMPP Installation Directory: "c:\xampp\"
3:58:42 PM  [main] 	Checking for prerequisites
3:58:42 PM  [main] 	All prerequisites found
3:58:42 PM  [main] 	Initializing Modules
3:58:42 PM  [Apache] 	XAMPP Apache is already running on port 80
3:58:42 PM  [Apache] 	XAMPP Apache is already running on port 443
3:58:42 PM  [mysql] 	XAMPP MySQL is already running on port 3307
3:58:42 PM  [main] 	Starting Check-Timer
3:58:42 PM  [main] 	Control Panel Ready
3:58:43 PM  [Apache] 	Attempting to stop Apache (PID: 12076)
3:58:44 PM  [Apache] 	Attempting to stop Apache (PID: 9756)
3:58:44 PM  [Apache] 	Status change detected: stopped
3:58:45 PM  [mysql] 	Attempting to stop MySQL app...
3:58:45 PM  [mysql] 	Status change detected: stopped
3:59:17 PM  [main] 	Deinitializing Modules
3:59:17 PM  [main] 	Deinitializing Control Panel

11:51:00 PM  [main] 	Initializing Control Panel
11:51:00 PM  [main] 	Windows Version:  Enterprise  64-bit
11:51:00 PM  [main] 	XAMPP Version: 7.4.29
11:51:00 PM  [main] 	Control Panel Version: 3.3.0  [ Compiled: Apr 6th 2021 ]
11:51:00 PM  [main] 	Running with Administrator rights - good!
11:51:00 PM  [main] 	XAMPP Installation Directory: "c:\xampp\"
11:51:00 PM  [main] 	Checking for prerequisites
11:51:01 PM  [main] 	All prerequisites found
11:51:01 PM  [main] 	Initializing Modules
11:51:01 PM  [Apache] 	XAMPP Apache is already running on port 80
11:51:01 PM  [Apache] 	XAMPP Apache is already running on port 443
11:51:01 PM  [mysql] 	XAMPP MySQL is already running on port 3307
11:51:01 PM  [main] 	Starting Check-Timer
11:51:01 PM  [main] 	Control Panel Ready
11:51:02 PM  [Apache] 	Attempting to stop Apache (PID: 880)
11:51:02 PM  [Apache] 	Attempting to stop Apache (PID: 11356)
11:51:02 PM  [mysql] 	Attempting to stop MySQL app...
11:51:02 PM  [Apache] 	Status change detected: stopped
11:51:02 PM  [mysql] 	Status change detected: stopped
11:51:12 PM  [main] 	Deinitializing Modules
11:51:12 PM  [main] 	Deinitializing Control Panel

11:08:56 PM  [main] 	Initializing Control Panel
11:08:56 PM  [main] 	Windows Version:  Enterprise  64-bit
11:08:56 PM  [main] 	XAMPP Version: 7.4.29
11:08:56 PM  [main] 	Control Panel Version: 3.3.0  [ Compiled: Apr 6th 2021 ]
11:08:56 PM  [main] 	Running with Administrator rights - good!
11:08:56 PM  [main] 	XAMPP Installation Directory: "c:\xampp\"
11:08:56 PM  [main] 	Checking for prerequisites
11:08:58 PM  [main] 	All prerequisites found
11:08:58 PM  [main] 	Initializing Modules
11:08:58 PM  [main] 	Starting Check-Timer
11:08:58 PM  [main] 	Control Panel Ready
11:08:59 PM  [Apache] 	Attempting to start Apache app...
11:08:59 PM  [mysql] 	Attempting to start MySQL app...
11:08:59 PM  [Apache] 	Status change detected: running
11:08:59 PM  [mysql] 	Status change detected: running
11:51:02 PM  [Apache] 	Status change detected: stopped
11:51:02 PM  [Apache] 	Error: Apache shutdown unexpectedly.
11:51:02 PM  [Apache] 	This may be due to a blocked port, missing dependencies, 
11:51:02 PM  [Apache] 	improper privileges, a crash, or a shutdown by another method.
11:51:02 PM  [Apache] 	Press the Logs button to view error logs and check
11:51:02 PM  [Apache] 	the Windows Event Viewer for more clues
11:51:02 PM  [Apache] 	If you need more help, copy and post this
11:51:02 PM  [Apache] 	entire log window on the forums
11:51:02 PM  [mysql] 	Status change detected: stopped
11:51:02 PM  [mysql] 	Error: MySQL shutdown unexpectedly.
11:51:02 PM  [mysql] 	This may be due to a blocked port, missing dependencies, 
11:51:02 PM  [mysql] 	improper privileges, a crash, or a shutdown by another method.
11:51:02 PM  [mysql] 	Press the Logs button to view error logs and check
11:51:02 PM  [mysql] 	the Windows Event Viewer for more clues
11:51:02 PM  [mysql] 	If you need more help, copy and post this
11:51:02 PM  [mysql] 	entire log window on the forums
11:51:12 PM  [main] 	Deinitializing Modules
11:51:12 PM  [main] 	Deinitializing Control Panel

12:26:36 AM  [main] 	Initializing Control Panel
12:26:36 AM  [main] 	Windows Version:  Enterprise  64-bit
12:26:36 AM  [main] 	XAMPP Version: 7.4.29
12:26:36 AM  [main] 	Control Panel Version: 3.3.0  [ Compiled: Apr 6th 2021 ]
12:26:36 AM  [main] 	Running with Administrator rights - good!
12:26:36 AM  [main] 	XAMPP Installation Directory: "c:\xampp\"
12:26:36 AM  [main] 	Checking for prerequisites
12:26:38 AM  [main] 	All prerequisites found
12:26:38 AM  [main] 	Initializing Modules
12:26:38 AM  [Apache] 	XAMPP Apache is already running on port 80
12:26:38 AM  [Apache] 	XAMPP Apache is already running on port 443
12:26:38 AM  [mysql] 	XAMPP MySQL is already running on port 3307
12:26:38 AM  [main] 	Starting Check-Timer
12:26:38 AM  [main] 	Control Panel Ready
12:26:39 AM  [Apache] 	Attempting to stop Apache (PID: 11032)
12:26:39 AM  [Apache] 	Attempting to stop Apache (PID: 10816)
12:26:39 AM  [mysql] 	Attempting to stop MySQL app...
12:26:39 AM  [Apache] 	Status change detected: stopped
12:26:39 AM  [mysql] 	Status change detected: stopped
12:26:48 AM  [main] 	Deinitializing Modules
12:26:48 AM  [main] 	Deinitializing Control Panel

7:27:36 PM  [main] 	Initializing Control Panel
7:27:36 PM  [main] 	Windows Version:  Enterprise  64-bit
7:27:36 PM  [main] 	XAMPP Version: 7.4.29
7:27:36 PM  [main] 	Control Panel Version: 3.3.0  [ Compiled: Apr 6th 2021 ]
7:27:36 PM  [main] 	Running with Administrator rights - good!
7:27:36 PM  [main] 	XAMPP Installation Directory: "c:\xampp\"
7:27:36 PM  [main] 	Checking for prerequisites
7:27:36 PM  [main] 	All prerequisites found
7:27:36 PM  [main] 	Initializing Modules
7:27:36 PM  [main] 	Starting Check-Timer
7:27:36 PM  [main] 	Control Panel Ready
7:27:38 PM  [Apache] 	Attempting to start Apache app...
7:27:39 PM  [mysql] 	Attempting to start MySQL app...
7:27:39 PM  [Apache] 	Status change detected: running
7:27:39 PM  [mysql] 	Status change detected: running
7:27:41 PM  [mysql] 	Status change detected: stopped
7:27:41 PM  [mysql] 	Error: MySQL shutdown unexpectedly.
7:27:41 PM  [mysql] 	This may be due to a blocked port, missing dependencies, 
7:27:41 PM  [mysql] 	improper privileges, a crash, or a shutdown by another method.
7:27:41 PM  [mysql] 	Press the Logs button to view error logs and check
7:27:41 PM  [mysql] 	the Windows Event Viewer for more clues
7:27:41 PM  [mysql] 	If you need more help, copy and post this
7:27:41 PM  [mysql] 	entire log window on the forums
7:27:47 PM  [mysql] 	Attempting to start MySQL app...
7:27:47 PM  [mysql] 	Status change detected: running
12:26:39 AM  [Apache] 	Status change detected: stopped
12:26:39 AM  [Apache] 	Error: Apache shutdown unexpectedly.
12:26:39 AM  [Apache] 	This may be due to a blocked port, missing dependencies, 
12:26:39 AM  [Apache] 	improper privileges, a crash, or a shutdown by another method.
12:26:39 AM  [Apache] 	Press the Logs button to view error logs and check
12:26:39 AM  [Apache] 	the Windows Event Viewer for more clues
12:26:39 AM  [Apache] 	If you need more help, copy and post this
12:26:39 AM  [Apache] 	entire log window on the forums
12:26:39 AM  [mysql] 	Status change detected: stopped
12:26:39 AM  [mysql] 	Error: MySQL shutdown unexpectedly.
12:26:39 AM  [mysql] 	This may be due to a blocked port, missing dependencies, 
12:26:39 AM  [mysql] 	improper privileges, a crash, or a shutdown by another method.
12:26:39 AM  [mysql] 	Press the Logs button to view error logs and check
12:26:39 AM  [mysql] 	the Windows Event Viewer for more clues
12:26:39 AM  [mysql] 	If you need more help, copy and post this
12:26:39 AM  [mysql] 	entire log window on the forums
12:26:48 AM  [main] 	Deinitializing Modules
12:26:48 AM  [main] 	Deinitializing Control Panel

8:18:37 PM  [main] 	Initializing Control Panel
8:18:37 PM  [main] 	Windows Version:  Enterprise  64-bit
8:18:37 PM  [main] 	XAMPP Version: 7.4.29
8:18:37 PM  [main] 	Control Panel Version: 3.3.0  [ Compiled: Apr 6th 2021 ]
8:18:37 PM  [main] 	Running with Administrator rights - good!
8:18:37 PM  [main] 	XAMPP Installation Directory: "c:\xampp\"
8:18:37 PM  [main] 	Checking for prerequisites
8:18:37 PM  [main] 	All prerequisites found
8:18:37 PM  [main] 	Initializing Modules
8:18:37 PM  [main] 	Starting Check-Timer
8:18:37 PM  [main] 	Control Panel Ready
8:18:39 PM  [Apache] 	Attempting to start Apache app...
8:18:39 PM  [mysql] 	Attempting to start MySQL app...
8:18:39 PM  [Apache] 	Status change detected: running
8:18:39 PM  [mysql] 	Status change detected: running
11:49:07 PM  [Apache] 	Status change detected: stopped
11:49:07 PM  [Apache] 	Error: Apache shutdown unexpectedly.
11:49:07 PM  [Apache] 	This may be due to a blocked port, missing dependencies, 
11:49:08 PM  [Apache] 	improper privileges, a crash, or a shutdown by another method.
11:49:08 PM  [Apache] 	Press the Logs button to view error logs and check
11:49:08 PM  [Apache] 	the Windows Event Viewer for more clues
11:49:08 PM  [Apache] 	If you need more help, copy and post this
11:49:08 PM  [Apache] 	entire log window on the forums
11:49:08 PM  [mysql] 	Status change detected: stopped
11:49:08 PM  [mysql] 	Error: MySQL shutdown unexpectedly.
11:49:08 PM  [mysql] 	This may be due to a blocked port, missing dependencies, 
11:49:08 PM  [mysql] 	improper privileges, a crash, or a shutdown by another method.
11:49:08 PM  [mysql] 	Press the Logs button to view error logs and check
11:49:08 PM  [mysql] 	the Windows Event Viewer for more clues
11:49:08 PM  [mysql] 	If you need more help, copy and post this
11:49:08 PM  [mysql] 	entire log window on the forums
11:49:11 PM  [main] 	Deinitializing Modules
11:49:11 PM  [main] 	Deinitializing Control Panel

11:49:05 PM  [main] 	Initializing Control Panel
11:49:05 PM  [main] 	Windows Version:  Enterprise  64-bit
11:49:05 PM  [main] 	XAMPP Version: 7.4.29
11:49:05 PM  [main] 	Control Panel Version: 3.3.0  [ Compiled: Apr 6th 2021 ]
11:49:05 PM  [main] 	Running with Administrator rights - good!
11:49:05 PM  [main] 	XAMPP Installation Directory: "c:\xampp\"
11:49:05 PM  [main] 	Checking for prerequisites
11:49:06 PM  [main] 	All prerequisites found
11:49:06 PM  [main] 	Initializing Modules
11:49:06 PM  [Apache] 	XAMPP Apache is already running on port 80
11:49:06 PM  [Apache] 	XAMPP Apache is already running on port 443
11:49:06 PM  [mysql] 	XAMPP MySQL is already running on port 3307
11:49:06 PM  [main] 	Starting Check-Timer
11:49:06 PM  [main] 	Control Panel Ready
11:49:07 PM  [Apache] 	Attempting to stop Apache (PID: 10612)
11:49:07 PM  [Apache] 	Attempting to stop Apache (PID: 8012)
11:49:07 PM  [mysql] 	Attempting to stop MySQL app...
11:49:08 PM  [Apache] 	Status change detected: stopped
11:49:08 PM  [mysql] 	Status change detected: stopped
11:49:11 PM  [main] 	Deinitializing Modules
11:49:11 PM  [main] 	Deinitializing Control Panel

9:02:33 PM  [main] 	Initializing Control Panel
9:02:33 PM  [main] 	Windows Version:  Enterprise  64-bit
9:02:33 PM  [main] 	XAMPP Version: 7.4.29
9:02:33 PM  [main] 	Control Panel Version: 3.3.0  [ Compiled: Apr 6th 2021 ]
9:02:33 PM  [main] 	Running with Administrator rights - good!
9:02:33 PM  [main] 	XAMPP Installation Directory: "c:\xampp\"
9:02:33 PM  [main] 	Checking for prerequisites
9:02:34 PM  [main] 	All prerequisites found
9:02:34 PM  [main] 	Initializing Modules
9:02:34 PM  [main] 	Starting Check-Timer
9:02:34 PM  [main] 	Control Panel Ready
9:02:36 PM  [Apache] 	Attempting to start Apache app...
9:02:36 PM  [Apache] 	Status change detected: running
9:02:37 PM  [mysql] 	Attempting to start MySQL app...
9:02:37 PM  [mysql] 	Status change detected: running
10:29:29 PM  [Apache] 	Status change detected: stopped
10:29:29 PM  [Apache] 	Error: Apache shutdown unexpectedly.
10:29:29 PM  [Apache] 	This may be due to a blocked port, missing dependencies, 
10:29:29 PM  [Apache] 	improper privileges, a crash, or a shutdown by another method.
10:29:29 PM  [Apache] 	Press the Logs button to view error logs and check
10:29:29 PM  [Apache] 	the Windows Event Viewer for more clues
10:29:29 PM  [Apache] 	If you need more help, copy and post this
10:29:29 PM  [Apache] 	entire log window on the forums
10:29:30 PM  [mysql] 	Status change detected: stopped
10:29:30 PM  [mysql] 	Error: MySQL shutdown unexpectedly.
10:29:30 PM  [mysql] 	This may be due to a blocked port, missing dependencies, 
10:29:30 PM  [mysql] 	improper privileges, a crash, or a shutdown by another method.
10:29:30 PM  [mysql] 	Press the Logs button to view error logs and check
10:29:30 PM  [mysql] 	the Windows Event Viewer for more clues
10:29:30 PM  [mysql] 	If you need more help, copy and post this
10:29:30 PM  [mysql] 	entire log window on the forums
10:29:33 PM  [main] 	Deinitializing Modules
10:29:33 PM  [main] 	Deinitializing Control Panel

11:09:44 PM  [main] 	Initializing Control Panel
11:09:44 PM  [main] 	Windows Version:  Enterprise  64-bit
11:09:44 PM  [main] 	XAMPP Version: 7.4.29
11:09:44 PM  [main] 	Control Panel Version: 3.3.0  [ Compiled: Apr 6th 2021 ]
11:09:44 PM  [main] 	Running with Administrator rights - good!
11:09:44 PM  [main] 	XAMPP Installation Directory: "c:\xampp\"
11:09:44 PM  [main] 	Checking for prerequisites
11:09:45 PM  [main] 	All prerequisites found
11:09:45 PM  [main] 	Initializing Modules
11:09:45 PM  [main] 	Starting Check-Timer
11:09:45 PM  [main] 	Control Panel Ready
11:09:46 PM  [Apache] 	Attempting to start Apache app...
11:09:46 PM  [mysql] 	Attempting to start MySQL app...
11:09:47 PM  [Apache] 	Status change detected: running
11:09:47 PM  [mysql] 	Status change detected: running
11:40:41 PM  [Apache] 	Status change detected: stopped
11:40:41 PM  [Apache] 	Error: Apache shutdown unexpectedly.
11:40:41 PM  [Apache] 	This may be due to a blocked port, missing dependencies, 
11:40:41 PM  [Apache] 	improper privileges, a crash, or a shutdown by another method.
11:40:41 PM  [Apache] 	Press the Logs button to view error logs and check
11:40:41 PM  [Apache] 	the Windows Event Viewer for more clues
11:40:41 PM  [Apache] 	If you need more help, copy and post this
11:40:41 PM  [Apache] 	entire log window on the forums
11:40:41 PM  [mysql] 	Status change detected: stopped
11:40:41 PM  [mysql] 	Error: MySQL shutdown unexpectedly.
11:40:41 PM  [mysql] 	This may be due to a blocked port, missing dependencies, 
11:40:41 PM  [mysql] 	improper privileges, a crash, or a shutdown by another method.
11:40:41 PM  [mysql] 	Press the Logs button to view error logs and check
11:40:41 PM  [mysql] 	the Windows Event Viewer for more clues
11:40:41 PM  [mysql] 	If you need more help, copy and post this
11:40:41 PM  [mysql] 	entire log window on the forums
11:40:45 PM  [main] 	Deinitializing Modules
11:40:45 PM  [main] 	Deinitializing Control Panel

10:09:25 PM  [main] 	Initializing Control Panel
10:09:25 PM  [main] 	Windows Version:  Enterprise  64-bit
10:09:25 PM  [main] 	XAMPP Version: 7.4.29
10:09:25 PM  [main] 	Control Panel Version: 3.3.0  [ Compiled: Apr 6th 2021 ]
10:09:25 PM  [main] 	Running with Administrator rights - good!
10:09:25 PM  [main] 	XAMPP Installation Directory: "c:\xampp\"
10:09:25 PM  [main] 	Checking for prerequisites
10:09:27 PM  [main] 	All prerequisites found
10:09:27 PM  [main] 	Initializing Modules
10:09:27 PM  [main] 	Starting Check-Timer
10:09:27 PM  [main] 	Control Panel Ready
10:09:28 PM  [Apache] 	Attempting to start Apache app...
10:09:28 PM  [Apache] 	Status change detected: running
10:09:28 PM  [mysql] 	Attempting to start MySQL app...
10:09:29 PM  [mysql] 	Status change detected: running
10:09:31 PM  [mysql] 	Status change detected: stopped
10:09:31 PM  [mysql] 	Error: MySQL shutdown unexpectedly.
10:09:31 PM  [mysql] 	This may be due to a blocked port, missing dependencies, 
10:09:31 PM  [mysql] 	improper privileges, a crash, or a shutdown by another method.
10:09:31 PM  [mysql] 	Press the Logs button to view error logs and check
10:09:31 PM  [mysql] 	the Windows Event Viewer for more clues
10:09:31 PM  [mysql] 	If you need more help, copy and post this
10:09:31 PM  [mysql] 	entire log window on the forums
10:09:34 PM  [mysql] 	Attempting to start MySQL app...
10:09:35 PM  [mysql] 	Status change detected: running
11:05:56 PM  [main] 	Deinitializing Modules
11:05:56 PM  [main] 	Deinitializing Control Panel

10:38:37 AM  [main] 	Initializing Control Panel
10:38:37 AM  [main] 	Windows Version:  Enterprise  64-bit
10:38:37 AM  [main] 	XAMPP Version: 7.4.29
10:38:37 AM  [main] 	Control Panel Version: 3.3.0  [ Compiled: Apr 6th 2021 ]
10:38:37 AM  [main] 	Running with Administrator rights - good!
10:38:37 AM  [main] 	XAMPP Installation Directory: "c:\xampp\"
10:38:37 AM  [main] 	Checking for prerequisites
10:38:37 AM  [main] 	All prerequisites found
10:38:37 AM  [main] 	Initializing Modules
10:38:37 AM  [Apache] 	XAMPP Apache is already running on port 80
10:38:37 AM  [Apache] 	XAMPP Apache is already running on port 443
10:38:37 AM  [mysql] 	XAMPP MySQL is already running on port 3307
10:38:37 AM  [main] 	Starting Check-Timer
10:38:37 AM  [main] 	Control Panel Ready
10:41:17 AM  [mysql] 	Status change detected: stopped
10:41:17 AM  [mysql] 	Error: MySQL shutdown unexpectedly.
10:41:17 AM  [mysql] 	This may be due to a blocked port, missing dependencies, 
10:41:17 AM  [mysql] 	improper privileges, a crash, or a shutdown by another method.
10:41:17 AM  [mysql] 	Press the Logs button to view error logs and check
10:41:17 AM  [mysql] 	the Windows Event Viewer for more clues
10:41:17 AM  [mysql] 	If you need more help, copy and post this
10:41:17 AM  [mysql] 	entire log window on the forums
10:41:19 AM  [mysql] 	Status change detected: running
10:45:18 AM  [Apache] 	Status change detected: stopped
10:45:18 AM  [Apache] 	Error: Apache shutdown unexpectedly.
10:45:18 AM  [Apache] 	This may be due to a blocked port, missing dependencies, 
10:45:18 AM  [Apache] 	improper privileges, a crash, or a shutdown by another method.
10:45:18 AM  [Apache] 	Press the Logs button to view error logs and check
10:45:18 AM  [Apache] 	the Windows Event Viewer for more clues
10:45:18 AM  [Apache] 	If you need more help, copy and post this
10:45:18 AM  [Apache] 	entire log window on the forums
10:45:19 AM  [mysql] 	Status change detected: stopped
10:45:19 AM  [mysql] 	Error: MySQL shutdown unexpectedly.
10:45:19 AM  [mysql] 	This may be due to a blocked port, missing dependencies, 
10:45:19 AM  [mysql] 	improper privileges, a crash, or a shutdown by another method.
10:45:19 AM  [mysql] 	Press the Logs button to view error logs and check
10:45:19 AM  [mysql] 	the Windows Event Viewer for more clues
10:45:19 AM  [mysql] 	If you need more help, copy and post this
10:45:19 AM  [mysql] 	entire log window on the forums
10:45:20 AM  [Apache] 	Status change detected: running
10:45:20 AM  [mysql] 	Status change detected: running
11:03:21 AM  [Apache] 	Status change detected: stopped
11:03:21 AM  [Apache] 	Error: Apache shutdown unexpectedly.
11:03:21 AM  [Apache] 	This may be due to a blocked port, missing dependencies, 
11:03:21 AM  [Apache] 	improper privileges, a crash, or a shutdown by another method.
11:03:21 AM  [Apache] 	Press the Logs button to view error logs and check
11:03:21 AM  [Apache] 	the Windows Event Viewer for more clues
11:03:21 AM  [Apache] 	If you need more help, copy and post this
11:03:21 AM  [Apache] 	entire log window on the forums
11:03:21 AM  [mysql] 	Status change detected: stopped
11:03:21 AM  [mysql] 	Error: MySQL shutdown unexpectedly.
11:03:21 AM  [mysql] 	This may be due to a blocked port, missing dependencies, 
11:03:21 AM  [mysql] 	improper privileges, a crash, or a shutdown by another method.
11:03:21 AM  [mysql] 	Press the Logs button to view error logs and check
11:03:21 AM  [mysql] 	the Windows Event Viewer for more clues
11:03:21 AM  [mysql] 	If you need more help, copy and post this
11:03:21 AM  [mysql] 	entire log window on the forums
11:03:27 AM  [main] 	Deinitializing Modules
11:03:27 AM  [main] 	Deinitializing Control Panel

10:36:52 AM  [main] 	Initializing Control Panel
10:36:52 AM  [main] 	Windows Version:  Enterprise  64-bit
10:36:52 AM  [main] 	XAMPP Version: 7.4.29
10:36:52 AM  [main] 	Control Panel Version: 3.3.0  [ Compiled: Apr 6th 2021 ]
10:36:52 AM  [main] 	Running with Administrator rights - good!
10:36:52 AM  [main] 	XAMPP Installation Directory: "c:\xampp\"
10:36:52 AM  [main] 	Checking for prerequisites
10:36:53 AM  [main] 	All prerequisites found
10:36:53 AM  [main] 	Initializing Modules
10:36:53 AM  [Apache] 	XAMPP Apache is already running on port 80
10:36:53 AM  [Apache] 	XAMPP Apache is already running on port 443
10:36:53 AM  [main] 	Starting Check-Timer
10:36:53 AM  [main] 	Control Panel Ready
10:36:54 AM  [mysql] 	Attempting to start MySQL app...
10:36:54 AM  [mysql] 	Status change detected: running
10:41:17 AM  [mysql] 	Status change detected: stopped
10:41:17 AM  [mysql] 	Error: MySQL shutdown unexpectedly.
10:41:17 AM  [mysql] 	This may be due to a blocked port, missing dependencies, 
10:41:17 AM  [mysql] 	improper privileges, a crash, or a shutdown by another method.
10:41:17 AM  [mysql] 	Press the Logs button to view error logs and check
10:41:17 AM  [mysql] 	the Windows Event Viewer for more clues
10:41:17 AM  [mysql] 	If you need more help, copy and post this
10:41:17 AM  [mysql] 	entire log window on the forums
10:41:19 AM  [mysql] 	Status change detected: running
10:45:18 AM  [Apache] 	Status change detected: stopped
10:45:18 AM  [Apache] 	Error: Apache shutdown unexpectedly.
10:45:18 AM  [Apache] 	This may be due to a blocked port, missing dependencies, 
10:45:18 AM  [Apache] 	improper privileges, a crash, or a shutdown by another method.
10:45:18 AM  [Apache] 	Press the Logs button to view error logs and check
10:45:18 AM  [Apache] 	the Windows Event Viewer for more clues
10:45:18 AM  [Apache] 	If you need more help, copy and post this
10:45:18 AM  [Apache] 	entire log window on the forums
10:45:19 AM  [mysql] 	Status change detected: stopped
10:45:19 AM  [mysql] 	Error: MySQL shutdown unexpectedly.
10:45:19 AM  [mysql] 	This may be due to a blocked port, missing dependencies, 
10:45:19 AM  [mysql] 	improper privileges, a crash, or a shutdown by another method.
10:45:19 AM  [mysql] 	Press the Logs button to view error logs and check
10:45:19 AM  [mysql] 	the Windows Event Viewer for more clues
10:45:19 AM  [mysql] 	If you need more help, copy and post this
10:45:19 AM  [mysql] 	entire log window on the forums
10:45:20 AM  [Apache] 	Status change detected: running
10:45:20 AM  [mysql] 	Status change detected: running
11:03:21 AM  [Apache] 	Status change detected: stopped
11:03:21 AM  [Apache] 	Error: Apache shutdown unexpectedly.
11:03:21 AM  [Apache] 	This may be due to a blocked port, missing dependencies, 
11:03:21 AM  [Apache] 	improper privileges, a crash, or a shutdown by another method.
11:03:21 AM  [Apache] 	Press the Logs button to view error logs and check
11:03:21 AM  [Apache] 	the Windows Event Viewer for more clues
11:03:21 AM  [Apache] 	If you need more help, copy and post this
11:03:21 AM  [Apache] 	entire log window on the forums
11:03:21 AM  [mysql] 	Status change detected: stopped
11:03:21 AM  [mysql] 	Error: MySQL shutdown unexpectedly.
11:03:21 AM  [mysql] 	This may be due to a blocked port, missing dependencies, 
11:03:21 AM  [mysql] 	improper privileges, a crash, or a shutdown by another method.
11:03:21 AM  [mysql] 	Press the Logs button to view error logs and check
11:03:21 AM  [mysql] 	the Windows Event Viewer for more clues
11:03:21 AM  [mysql] 	If you need more help, copy and post this
11:03:21 AM  [mysql] 	entire log window on the forums
11:03:27 AM  [main] 	Deinitializing Modules
11:03:27 AM  [main] 	Deinitializing Control Panel

11:03:19 AM  [main] 	Initializing Control Panel
11:03:19 AM  [main] 	Windows Version:  Enterprise  64-bit
11:03:19 AM  [main] 	XAMPP Version: 7.4.29
11:03:19 AM  [main] 	Control Panel Version: 3.3.0  [ Compiled: Apr 6th 2021 ]
11:03:19 AM  [main] 	Running with Administrator rights - good!
11:03:19 AM  [main] 	XAMPP Installation Directory: "c:\xampp\"
11:03:19 AM  [main] 	Checking for prerequisites
11:03:19 AM  [main] 	All prerequisites found
11:03:19 AM  [main] 	Initializing Modules
11:03:19 AM  [Apache] 	XAMPP Apache is already running on port 80
11:03:19 AM  [Apache] 	XAMPP Apache is already running on port 443
11:03:19 AM  [mysql] 	XAMPP MySQL is already running on port 3307
11:03:19 AM  [main] 	Starting Check-Timer
11:03:19 AM  [main] 	Control Panel Ready
11:03:20 AM  [Apache] 	Attempting to stop Apache (PID: 9284)
11:03:20 AM  [Apache] 	Attempting to stop Apache (PID: 6900)
11:03:20 AM  [Apache] 	Status change detected: stopped
11:03:21 AM  [mysql] 	Attempting to stop MySQL app...
11:03:21 AM  [mysql] 	Status change detected: stopped
11:03:27 AM  [main] 	Deinitializing Modules
11:03:27 AM  [main] 	Deinitializing Control Panel

10:41:16 AM  [main] 	Initializing Control Panel
10:41:16 AM  [main] 	Windows Version:  Enterprise  64-bit
10:41:16 AM  [main] 	XAMPP Version: 7.4.29
10:41:16 AM  [main] 	Control Panel Version: 3.3.0  [ Compiled: Apr 6th 2021 ]
10:41:16 AM  [main] 	Running with Administrator rights - good!
10:41:16 AM  [main] 	XAMPP Installation Directory: "c:\xampp\"
10:41:16 AM  [main] 	Checking for prerequisites
10:41:16 AM  [main] 	All prerequisites found
10:41:16 AM  [main] 	Initializing Modules
10:41:16 AM  [Apache] 	XAMPP Apache is already running on port 80
10:41:16 AM  [Apache] 	XAMPP Apache is already running on port 443
10:41:16 AM  [mysql] 	XAMPP MySQL is already running on port 3307
10:41:16 AM  [main] 	Starting Check-Timer
10:41:16 AM  [main] 	Control Panel Ready
10:41:17 AM  [mysql] 	Attempting to stop MySQL app...
10:41:17 AM  [mysql] 	Status change detected: stopped
10:41:18 AM  [mysql] 	Attempting to start MySQL app...
10:41:18 AM  [mysql] 	Status change detected: running
10:45:18 AM  [Apache] 	Attempting to stop Apache (PID: 9660)
10:45:18 AM  [Apache] 	Attempting to stop Apache (PID: 14488)
10:45:18 AM  [Apache] 	Status change detected: stopped
10:45:19 AM  [mysql] 	Attempting to stop MySQL app...
10:45:19 AM  [mysql] 	Status change detected: stopped
10:45:19 AM  [Apache] 	Attempting to start Apache app...
10:45:20 AM  [Apache] 	Status change detected: running
10:45:20 AM  [mysql] 	Attempting to start MySQL app...
10:45:20 AM  [mysql] 	Status change detected: running
11:03:21 AM  [Apache] 	Status change detected: stopped
11:03:21 AM  [Apache] 	Error: Apache shutdown unexpectedly.
11:03:21 AM  [Apache] 	This may be due to a blocked port, missing dependencies, 
11:03:21 AM  [Apache] 	improper privileges, a crash, or a shutdown by another method.
11:03:21 AM  [Apache] 	Press the Logs button to view error logs and check
11:03:21 AM  [Apache] 	the Windows Event Viewer for more clues
11:03:21 AM  [Apache] 	If you need more help, copy and post this
11:03:21 AM  [Apache] 	entire log window on the forums
11:03:21 AM  [mysql] 	Status change detected: stopped
11:03:21 AM  [mysql] 	Error: MySQL shutdown unexpectedly.
11:03:21 AM  [mysql] 	This may be due to a blocked port, missing dependencies, 
11:03:21 AM  [mysql] 	improper privileges, a crash, or a shutdown by another method.
11:03:21 AM  [mysql] 	Press the Logs button to view error logs and check
11:03:21 AM  [mysql] 	the Windows Event Viewer for more clues
11:03:21 AM  [mysql] 	If you need more help, copy and post this
11:03:21 AM  [mysql] 	entire log window on the forums
11:03:27 AM  [main] 	Deinitializing Modules
11:03:27 AM  [main] 	Deinitializing Control Panel

